\BOOKMARK [1][-]{section.1}{1. Complex Analysis Fundamentals}{}% 1
\BOOKMARK [2][-]{subsection.1.1}{1.1. Basic Properties of Complex Numbers}{section.1}% 2
\BOOKMARK [2][-]{subsection.1.2}{1.2. Roots of Unity}{section.1}% 3
\BOOKMARK [2][-]{subsection.1.3}{1.3. Euler's Formula}{section.1}% 4
\BOOKMARK [1][-]{section.2}{2. The Fourier Transform}{}% 5
\BOOKMARK [2][-]{subsection.2.1}{2.1. Developing an Intuition for the Fourier Transform}{section.2}% 6
\BOOKMARK [2][-]{subsection.2.2}{2.2. The Fourier Series}{section.2}% 7
\BOOKMARK [2][-]{subsection.2.3}{2.3. The Computation of the Fourier Transform}{section.2}% 8
\BOOKMARK [1][-]{section.3}{3. The Discrete Fourier Transform}{}% 9
\BOOKMARK [2][-]{subsection.3.1}{3.1. The Basics of the Discrete Fourier Transform}{section.3}% 10
\BOOKMARK [1][-]{section.4}{4. The Computation of the Discrete Fourier Transform}{}% 11
\BOOKMARK [2][-]{subsection.4.1}{4.1. The Fast Fourier Tranform}{section.4}% 12
\BOOKMARK [2][-]{subsection.4.2}{4.2. Alternatives for the Fast Fourier Tranform}{section.4}% 13
\BOOKMARK [2][-]{subsection.4.3}{4.3. A Python Implementation of the Fast Fourier Transform}{section.4}% 14
\BOOKMARK [1][-]{section.5}{5. Applications of the Fourier Transform}{}% 15
\BOOKMARK [2][-]{subsection.5.1}{5.1. Multiplication of Polynomials}{section.5}% 16
\BOOKMARK [2][-]{subsection.5.2}{5.2. Image Processing}{section.5}% 17
\BOOKMARK [2][-]{subsection.5.3}{5.3. Audio Compression}{section.5}% 18
\BOOKMARK [1][-]{section.6}{6. A Comparison between Principal Component Analysis and FFT}{}% 19
\BOOKMARK [1][-]{section.7}{7. Bibliography}{}% 20
